[ERROR] Error occurred {
  error: {
    name: 'NotFoundError',
    message: 'Route /api/health not found',
    stack: 'NotFoundError: Route /api/health not found\n' +
      '    at notFoundHandler (C:\\Users\\emreg\\OneDrive\\Desktop\\YOLNEXT\\backend\\middleware\\errorHandler.js:232:17)\n' +
      '    at Layer.handle [as handle_request] (C:\\Users\\emreg\\OneDrive\\Desktop\\YOLNEXT\\backend\\node_modules\\express\\lib\\router\\layer.js:95:5)\n' +
      '    at trim_prefix (C:\\Users\\emreg\\OneDrive\\Desktop\\YOLNEXT\\backend\\node_modules\\express\\lib\\router\\index.js:328:13)\n' +
      '    at C:\\Users\\emreg\\OneDrive\\Desktop\\YOLNEXT\\backend\\node_modules\\express\\lib\\router\\index.js:286:9\n' +
      '    at Function.process_params (C:\\Users\\emreg\\OneDrive\\Desktop\\YOLNEXT\\backend\\node_modules\\express\\lib\\router\\index.js:346:12)\n' +
      '    at next (C:\\Users\\emreg\\OneDrive\\Desktop\\YOLNEXT\\backend\\node_modules\\express\\lib\\router\\index.js:280:10)\n' +
      '    at C:\\Users\\emreg\\OneDrive\\Desktop\\YOLNEXT\\backend\\postgres-backend.js:319:3\n' +
      '    at Layer.handle [as handle_request] (C:\\Users\\emreg\\OneDrive\\Desktop\\YOLNEXT\\backend\\node_modules\\express\\lib\\router\\layer.js:95:5)\n' +
      '    at trim_prefix (C:\\Users\\emreg\\OneDrive\\Desktop\\YOLNEXT\\backend\\node_modules\\express\\lib\\router\\index.js:328:13)\n' +
      '    at C:\\Users\\emreg\\OneDrive\\Desktop\\YOLNEXT\\backend\\node_modules\\express\\lib\\router\\index.js:286:9',
    statusCode: 404
  },
  request: {
    id: undefined,
    method: 'GET',
    url: '/api/health',
    userAgent: 'Mozilla/5.0 (Windows NT 10.0; Win64; x64) AppleWebKit/537.36 (KHTML, like Gecko) Chrome/142.0.0.0 Safari/537.36',
    ip: '::1'
  },
  timestamp: '2025-12-06T19:07:13.810Z'
}
[ERROR] Error occurred {
  error: {
    name: 'NotFoundError',
    message: 'Route /favicon.ico not found',
    stack: 'NotFoundError: Route /favicon.ico not found\n' +
      '    at notFoundHandler (C:\\Users\\emreg\\OneDrive\\Desktop\\YOLNEXT\\backend\\middleware\\errorHandler.js:232:17)\n' +
      '    at Layer.handle [as handle_request] (C:\\Users\\emreg\\OneDrive\\Desktop\\YOLNEXT\\backend\\node_modules\\express\\lib\\router\\layer.js:95:5)\n' +
      '    at trim_prefix (C:\\Users\\emreg\\OneDrive\\Desktop\\YOLNEXT\\backend\\node_modules\\express\\lib\\router\\index.js:328:13)\n' +
      '    at C:\\Users\\emreg\\OneDrive\\Desktop\\YOLNEXT\\backend\\node_modules\\express\\lib\\router\\index.js:286:9\n' +
      '    at Function.process_params (C:\\Users\\emreg\\OneDrive\\Desktop\\YOLNEXT\\backend\\node_modules\\express\\lib\\router\\index.js:346:12)\n' +
      '    at next (C:\\Users\\emreg\\OneDrive\\Desktop\\YOLNEXT\\backend\\node_modules\\express\\lib\\router\\index.js:280:10)\n' +
      '    at C:\\Users\\emreg\\OneDrive\\Desktop\\YOLNEXT\\backend\\postgres-backend.js:319:3\n' +
      '    at Layer.handle [as handle_request] (C:\\Users\\emreg\\OneDrive\\Desktop\\YOLNEXT\\backend\\node_modules\\express\\lib\\router\\layer.js:95:5)\n' +
      '    at trim_prefix (C:\\Users\\emreg\\OneDrive\\Desktop\\YOLNEXT\\backend\\node_modules\\express\\lib\\router\\index.js:328:13)\n' +
      '    at C:\\Users\\emreg\\OneDrive\\Desktop\\YOLNEXT\\backend\\node_modules\\express\\lib\\router\\index.js:286:9',
    statusCode: 404
  },
  request: {
    id: undefined,
    method: 'GET',
    url: '/favicon.ico',
    userAgent: 'Mozilla/5.0 (Windows NT 10.0; Win64; x64) AppleWebKit/537.36 (KHTML, like Gecko) Chrome/142.0.0.0 Safari/537.36',
    ip: '::1'
  },
  timestamp: '2025-12-06T19:07:13.961Z'
}
[ERROR] Error occurred {
  error: {
    name: 'NotFoundError',
    message: 'Route /.well-known/appspecific/com.chrome.devtools.json not found',
    stack: 'NotFoundError: Route /.well-known/appspecific/com.chrome.devtools.json not found\n' +
      '    at notFoundHandler (C:\\Users\\emreg\\OneDrive\\Desktop\\YOLNEXT\\backend\\middleware\\errorHandler.js:232:17)\n' +
      '    at Layer.handle [as handle_request] (C:\\Users\\emreg\\OneDrive\\Desktop\\YOLNEXT\\backend\\node_modules\\express\\lib\\router\\layer.js:95:5)\n' +
      '    at trim_prefix (C:\\Users\\emreg\\OneDrive\\Desktop\\YOLNEXT\\backend\\node_modules\\express\\lib\\router\\index.js:328:13)\n' +
      '    at C:\\Users\\emreg\\OneDrive\\Desktop\\YOLNEXT\\backend\\node_modules\\express\\lib\\router\\index.js:286:9\n' +
      '    at Function.process_params (C:\\Users\\emreg\\OneDrive\\Desktop\\YOLNEXT\\backend\\node_modules\\express\\lib\\router\\index.js:346:12)\n' +
      '    at next (C:\\Users\\emreg\\OneDrive\\Desktop\\YOLNEXT\\backend\\node_modules\\express\\lib\\router\\index.js:280:10)\n' +
      '    at C:\\Users\\emreg\\OneDrive\\Desktop\\YOLNEXT\\backend\\postgres-backend.js:319:3\n' +
      '    at Layer.handle [as handle_request] (C:\\Users\\emreg\\OneDrive\\Desktop\\YOLNEXT\\backend\\node_modules\\express\\lib\\router\\layer.js:95:5)\n' +
      '    at trim_prefix (C:\\Users\\emreg\\OneDrive\\Desktop\\YOLNEXT\\backend\\node_modules\\express\\lib\\router\\index.js:328:13)\n' +
      '    at C:\\Users\\emreg\\OneDrive\\Desktop\\YOLNEXT\\backend\\node_modules\\express\\lib\\router\\index.js:286:9',
    statusCode: 404
  },
  request: {
    id: undefined,
    method: 'GET',
    url: '/.well-known/appspecific/com.chrome.devtools.json',
    userAgent: 'Mozilla/5.0 (Windows NT 10.0; Win64; x64) AppleWebKit/537.36 (KHTML, like Gecko) Chrome/142.0.0.0 Safari/537.36',
    ip: '::1'
  },
  timestamp: '2025-12-06T19:07:13.971Z'
}
[GET MESSAGES] Error (lowercase): column m.messagetype does not exist
[GET MESSAGES] Error (lowercase): column m.messagetype does not exist
[GET MESSAGES] Error (lowercase): column m.messagetype does not exist
[GET MESSAGES] Error (lowercase): column m.messagetype does not exist
[GET MESSAGES] Error (lowercase): column m.messagetype does not exist
[GET MESSAGES] Error (lowercase): column m.messagetype does not exist
[GET MESSAGES] Error (lowercase): column m.messagetype does not exist
[GET MESSAGES] Error (lowercase): column m.messagetype does not exist
[ERROR] Error occurred {
  error: {
    name: 'NotFoundError',
    message: 'Route /api/offers/corporate not found',
    stack: 'NotFoundError: Route /api/offers/corporate not found\n' +
      '    at notFoundHandler (C:\\Users\\emreg\\OneDrive\\Desktop\\YOLNEXT\\backend\\middleware\\errorHandler.js:232:17)\n' +
      '    at Layer.handle [as handle_request] (C:\\Users\\emreg\\OneDrive\\Desktop\\YOLNEXT\\backend\\node_modules\\express\\lib\\router\\layer.js:95:5)\n' +
      '    at trim_prefix (C:\\Users\\emreg\\OneDrive\\Desktop\\YOLNEXT\\backend\\node_modules\\express\\lib\\router\\index.js:328:13)\n' +
      '    at C:\\Users\\emreg\\OneDrive\\Desktop\\YOLNEXT\\backend\\node_modules\\express\\lib\\router\\index.js:286:9\n' +
      '    at Function.process_params (C:\\Users\\emreg\\OneDrive\\Desktop\\YOLNEXT\\backend\\node_modules\\express\\lib\\router\\index.js:346:12)\n' +
      '    at next (C:\\Users\\emreg\\OneDrive\\Desktop\\YOLNEXT\\backend\\node_modules\\express\\lib\\router\\index.js:280:10)\n' +
      '    at C:\\Users\\emreg\\OneDrive\\Desktop\\YOLNEXT\\backend\\postgres-backend.js:319:3\n' +
      '    at Layer.handle [as handle_request] (C:\\Users\\emreg\\OneDrive\\Desktop\\YOLNEXT\\backend\\node_modules\\express\\lib\\router\\layer.js:95:5)\n' +
      '    at trim_prefix (C:\\Users\\emreg\\OneDrive\\Desktop\\YOLNEXT\\backend\\node_modules\\express\\lib\\router\\index.js:328:13)\n' +
      '    at C:\\Users\\emreg\\OneDrive\\Desktop\\YOLNEXT\\backend\\node_modules\\express\\lib\\router\\index.js:286:9',
    statusCode: 404
  },
  request: {
    id: undefined,
    method: 'GET',
    url: '/api/offers/corporate',
    userAgent: 'Mozilla/5.0 (Windows NT 10.0; Win64; x64) AppleWebKit/537.36 (KHTML, like Gecko) Chrome/142.0.0.0 Safari/537.36',
    ip: '::1'
  },
  timestamp: '2025-12-06T19:10:54.418Z'
}
[ERROR] Error occurred {
  error: {
    name: 'NotFoundError',
    message: 'Route /api/offers/corporate not found',
    stack: 'NotFoundError: Route /api/offers/corporate not found\n' +
      '    at notFoundHandler (C:\\Users\\emreg\\OneDrive\\Desktop\\YOLNEXT\\backend\\middleware\\errorHandler.js:232:17)\n' +
      '    at Layer.handle [as handle_request] (C:\\Users\\emreg\\OneDrive\\Desktop\\YOLNEXT\\backend\\node_modules\\express\\lib\\router\\layer.js:95:5)\n' +
      '    at trim_prefix (C:\\Users\\emreg\\OneDrive\\Desktop\\YOLNEXT\\backend\\node_modules\\express\\lib\\router\\index.js:328:13)\n' +
      '    at C:\\Users\\emreg\\OneDrive\\Desktop\\YOLNEXT\\backend\\node_modules\\express\\lib\\router\\index.js:286:9\n' +
      '    at Function.process_params (C:\\Users\\emreg\\OneDrive\\Desktop\\YOLNEXT\\backend\\node_modules\\express\\lib\\router\\index.js:346:12)\n' +
      '    at next (C:\\Users\\emreg\\OneDrive\\Desktop\\YOLNEXT\\backend\\node_modules\\express\\lib\\router\\index.js:280:10)\n' +
      '    at C:\\Users\\emreg\\OneDrive\\Desktop\\YOLNEXT\\backend\\postgres-backend.js:319:3\n' +
      '    at Layer.handle [as handle_request] (C:\\Users\\emreg\\OneDrive\\Desktop\\YOLNEXT\\backend\\node_modules\\express\\lib\\router\\layer.js:95:5)\n' +
      '    at trim_prefix (C:\\Users\\emreg\\OneDrive\\Desktop\\YOLNEXT\\backend\\node_modules\\express\\lib\\router\\index.js:328:13)\n' +
      '    at C:\\Users\\emreg\\OneDrive\\Desktop\\YOLNEXT\\backend\\node_modules\\express\\lib\\router\\index.js:286:9',
    statusCode: 404
  },
  request: {
    id: undefined,
    method: 'GET',
    url: '/api/offers/corporate',
    userAgent: 'Mozilla/5.0 (Windows NT 10.0; Win64; x64) AppleWebKit/537.36 (KHTML, like Gecko) Chrome/142.0.0.0 Safari/537.36',
    ip: '::1'
  },
  timestamp: '2025-12-06T19:10:54.422Z'
}
[GET MESSAGES] Error (lowercase): column m.messagetype does not exist
[ERROR] Error occurred {
  error: {
    name: 'NotFoundError',
    message: 'Route /api/messages/corporate not found',
    stack: 'NotFoundError: Route /api/messages/corporate not found\n' +
      '    at notFoundHandler (C:\\Users\\emreg\\OneDrive\\Desktop\\YOLNEXT\\backend\\middleware\\errorHandler.js:232:17)\n' +
      '    at Layer.handle [as handle_request] (C:\\Users\\emreg\\OneDrive\\Desktop\\YOLNEXT\\backend\\node_modules\\express\\lib\\router\\layer.js:95:5)\n' +
      '    at trim_prefix (C:\\Users\\emreg\\OneDrive\\Desktop\\YOLNEXT\\backend\\node_modules\\express\\lib\\router\\index.js:328:13)\n' +
      '    at C:\\Users\\emreg\\OneDrive\\Desktop\\YOLNEXT\\backend\\node_modules\\express\\lib\\router\\index.js:286:9\n' +
      '    at Function.process_params (C:\\Users\\emreg\\OneDrive\\Desktop\\YOLNEXT\\backend\\node_modules\\express\\lib\\router\\index.js:346:12)\n' +
      '    at next (C:\\Users\\emreg\\OneDrive\\Desktop\\YOLNEXT\\backend\\node_modules\\express\\lib\\router\\index.js:280:10)\n' +
      '    at C:\\Users\\emreg\\OneDrive\\Desktop\\YOLNEXT\\backend\\postgres-backend.js:319:3\n' +
      '    at Layer.handle [as handle_request] (C:\\Users\\emreg\\OneDrive\\Desktop\\YOLNEXT\\backend\\node_modules\\express\\lib\\router\\layer.js:95:5)\n' +
      '    at trim_prefix (C:\\Users\\emreg\\OneDrive\\Desktop\\YOLNEXT\\backend\\node_modules\\express\\lib\\router\\index.js:328:13)\n' +
      '    at C:\\Users\\emreg\\OneDrive\\Desktop\\YOLNEXT\\backend\\node_modules\\express\\lib\\router\\index.js:286:9',
    statusCode: 404
  },
  request: {
    id: undefined,
    method: 'GET',
    url: '/api/messages/corporate',
    userAgent: 'Mozilla/5.0 (Windows NT 10.0; Win64; x64) AppleWebKit/537.36 (KHTML, like Gecko) Chrome/142.0.0.0 Safari/537.36',
    ip: '::1'
  },
  timestamp: '2025-12-06T19:11:06.058Z'
}
[ERROR] Error occurred {
  error: {
    name: 'NotFoundError',
    message: 'Route /api/messages/corporate not found',
    stack: 'NotFoundError: Route /api/messages/corporate not found\n' +
      '    at notFoundHandler (C:\\Users\\emreg\\OneDrive\\Desktop\\YOLNEXT\\backend\\middleware\\errorHandler.js:232:17)\n' +
      '    at Layer.handle [as handle_request] (C:\\Users\\emreg\\OneDrive\\Desktop\\YOLNEXT\\backend\\node_modules\\express\\lib\\router\\layer.js:95:5)\n' +
      '    at trim_prefix (C:\\Users\\emreg\\OneDrive\\Desktop\\YOLNEXT\\backend\\node_modules\\express\\lib\\router\\index.js:328:13)\n' +
      '    at C:\\Users\\emreg\\OneDrive\\Desktop\\YOLNEXT\\backend\\node_modules\\express\\lib\\router\\index.js:286:9\n' +
      '    at Function.process_params (C:\\Users\\emreg\\OneDrive\\Desktop\\YOLNEXT\\backend\\node_modules\\express\\lib\\router\\index.js:346:12)\n' +
      '    at next (C:\\Users\\emreg\\OneDrive\\Desktop\\YOLNEXT\\backend\\node_modules\\express\\lib\\router\\index.js:280:10)\n' +
      '    at C:\\Users\\emreg\\OneDrive\\Desktop\\YOLNEXT\\backend\\postgres-backend.js:319:3\n' +
      '    at Layer.handle [as handle_request] (C:\\Users\\emreg\\OneDrive\\Desktop\\YOLNEXT\\backend\\node_modules\\express\\lib\\router\\layer.js:95:5)\n' +
      '    at trim_prefix (C:\\Users\\emreg\\OneDrive\\Desktop\\YOLNEXT\\backend\\node_modules\\express\\lib\\router\\index.js:328:13)\n' +
      '    at C:\\Users\\emreg\\OneDrive\\Desktop\\YOLNEXT\\backend\\node_modules\\express\\lib\\router\\index.js:286:9',
    statusCode: 404
  },
  request: {
    id: undefined,
    method: 'GET',
    url: '/api/messages/corporate',
    userAgent: 'Mozilla/5.0 (Windows NT 10.0; Win64; x64) AppleWebKit/537.36 (KHTML, like Gecko) Chrome/142.0.0.0 Safari/537.36',
    ip: '::1'
  },
  timestamp: '2025-12-06T19:11:06.067Z'
}
[GET MESSAGES] Error (lowercase): column m.messagetype does not exist
[ERROR] Error occurred {
  error: {
    name: 'NotFoundError',
    message: 'Route /api/carriers/corporate not found',
    stack: 'NotFoundError: Route /api/carriers/corporate not found\n' +
      '    at notFoundHandler (C:\\Users\\emreg\\OneDrive\\Desktop\\YOLNEXT\\backend\\middleware\\errorHandler.js:232:17)\n' +
      '    at Layer.handle [as handle_request] (C:\\Users\\emreg\\OneDrive\\Desktop\\YOLNEXT\\backend\\node_modules\\express\\lib\\router\\layer.js:95:5)\n' +
      '    at trim_prefix (C:\\Users\\emreg\\OneDrive\\Desktop\\YOLNEXT\\backend\\node_modules\\express\\lib\\router\\index.js:328:13)\n' +
      '    at C:\\Users\\emreg\\OneDrive\\Desktop\\YOLNEXT\\backend\\node_modules\\express\\lib\\router\\index.js:286:9\n' +
      '    at Function.process_params (C:\\Users\\emreg\\OneDrive\\Desktop\\YOLNEXT\\backend\\node_modules\\express\\lib\\router\\index.js:346:12)\n' +
      '    at next (C:\\Users\\emreg\\OneDrive\\Desktop\\YOLNEXT\\backend\\node_modules\\express\\lib\\router\\index.js:280:10)\n' +
      '    at C:\\Users\\emreg\\OneDrive\\Desktop\\YOLNEXT\\backend\\postgres-backend.js:319:3\n' +
      '    at Layer.handle [as handle_request] (C:\\Users\\emreg\\OneDrive\\Desktop\\YOLNEXT\\backend\\node_modules\\express\\lib\\router\\layer.js:95:5)\n' +
      '    at trim_prefix (C:\\Users\\emreg\\OneDrive\\Desktop\\YOLNEXT\\backend\\node_modules\\express\\lib\\router\\index.js:328:13)\n' +
      '    at C:\\Users\\emreg\\OneDrive\\Desktop\\YOLNEXT\\backend\\node_modules\\express\\lib\\router\\index.js:286:9',
    statusCode: 404
  },
  request: {
    id: undefined,
    method: 'GET',
    url: '/api/carriers/corporate',
    userAgent: 'Mozilla/5.0 (Windows NT 10.0; Win64; x64) AppleWebKit/537.36 (KHTML, like Gecko) Chrome/142.0.0.0 Safari/537.36',
    ip: '::1'
  },
  timestamp: '2025-12-06T19:11:34.981Z'
}
[ERROR] Error occurred {
  error: {
    name: 'NotFoundError',
    message: 'Route /api/carriers/corporate not found',
    stack: 'NotFoundError: Route /api/carriers/corporate not found\n' +
      '    at notFoundHandler (C:\\Users\\emreg\\OneDrive\\Desktop\\YOLNEXT\\backend\\middleware\\errorHandler.js:232:17)\n' +
      '    at Layer.handle [as handle_request] (C:\\Users\\emreg\\OneDrive\\Desktop\\YOLNEXT\\backend\\node_modules\\express\\lib\\router\\layer.js:95:5)\n' +
      '    at trim_prefix (C:\\Users\\emreg\\OneDrive\\Desktop\\YOLNEXT\\backend\\node_modules\\express\\lib\\router\\index.js:328:13)\n' +
      '    at C:\\Users\\emreg\\OneDrive\\Desktop\\YOLNEXT\\backend\\node_modules\\express\\lib\\router\\index.js:286:9\n' +
      '    at Function.process_params (C:\\Users\\emreg\\OneDrive\\Desktop\\YOLNEXT\\backend\\node_modules\\express\\lib\\router\\index.js:346:12)\n' +
      '    at next (C:\\Users\\emreg\\OneDrive\\Desktop\\YOLNEXT\\backend\\node_modules\\express\\lib\\router\\index.js:280:10)\n' +
      '    at C:\\Users\\emreg\\OneDrive\\Desktop\\YOLNEXT\\backend\\postgres-backend.js:319:3\n' +
      '    at Layer.handle [as handle_request] (C:\\Users\\emreg\\OneDrive\\Desktop\\YOLNEXT\\backend\\node_modules\\express\\lib\\router\\layer.js:95:5)\n' +
      '    at trim_prefix (C:\\Users\\emreg\\OneDrive\\Desktop\\YOLNEXT\\backend\\node_modules\\express\\lib\\router\\index.js:328:13)\n' +
      '    at C:\\Users\\emreg\\OneDrive\\Desktop\\YOLNEXT\\backend\\node_modules\\express\\lib\\router\\index.js:286:9',
    statusCode: 404
  },
  request: {
    id: undefined,
    method: 'GET',
    url: '/api/carriers/corporate',
    userAgent: 'Mozilla/5.0 (Windows NT 10.0; Win64; x64) AppleWebKit/537.36 (KHTML, like Gecko) Chrome/142.0.0.0 Safari/537.36',
    ip: '::1'
  },
  timestamp: '2025-12-06T19:11:34.985Z'
}
[GET MESSAGES] Error (lowercase): column m.messagetype does not exist
[GET MESSAGES] Error (lowercase): column m.messagetype does not exist
[GET MESSAGES] Error (lowercase): column m.messagetype does not exist
[GET MESSAGES] Error (lowercase): column m.messagetype does not exist
[GET MESSAGES] Error (lowercase): column m.messagetype does not exist
[ERROR] Error occurred {
  error: {
    name: 'NotFoundError',
    message: 'Route /api/offers/corporate not found',
    stack: 'NotFoundError: Route /api/offers/corporate not found\n' +
      '    at notFoundHandler (C:\\Users\\emreg\\OneDrive\\Desktop\\YOLNEXT\\backend\\middleware\\errorHandler.js:232:17)\n' +
      '    at Layer.handle [as handle_request] (C:\\Users\\emreg\\OneDrive\\Desktop\\YOLNEXT\\backend\\node_modules\\express\\lib\\router\\layer.js:95:5)\n' +
      '    at trim_prefix (C:\\Users\\emreg\\OneDrive\\Desktop\\YOLNEXT\\backend\\node_modules\\express\\lib\\router\\index.js:328:13)\n' +
      '    at C:\\Users\\emreg\\OneDrive\\Desktop\\YOLNEXT\\backend\\node_modules\\express\\lib\\router\\index.js:286:9\n' +
      '    at Function.process_params (C:\\Users\\emreg\\OneDrive\\Desktop\\YOLNEXT\\backend\\node_modules\\express\\lib\\router\\index.js:346:12)\n' +
      '    at next (C:\\Users\\emreg\\OneDrive\\Desktop\\YOLNEXT\\backend\\node_modules\\express\\lib\\router\\index.js:280:10)\n' +
      '    at C:\\Users\\emreg\\OneDrive\\Desktop\\YOLNEXT\\backend\\postgres-backend.js:319:3\n' +
      '    at Layer.handle [as handle_request] (C:\\Users\\emreg\\OneDrive\\Desktop\\YOLNEXT\\backend\\node_modules\\express\\lib\\router\\layer.js:95:5)\n' +
      '    at trim_prefix (C:\\Users\\emreg\\OneDrive\\Desktop\\YOLNEXT\\backend\\node_modules\\express\\lib\\router\\index.js:328:13)\n' +
      '    at C:\\Users\\emreg\\OneDrive\\Desktop\\YOLNEXT\\backend\\node_modules\\express\\lib\\router\\index.js:286:9',
    statusCode: 404
  },
  request: {
    id: undefined,
    method: 'GET',
    url: '/api/offers/corporate',
    userAgent: 'Mozilla/5.0 (Windows NT 10.0; Win64; x64) AppleWebKit/537.36 (KHTML, like Gecko) Chrome/142.0.0.0 Safari/537.36',
    ip: '::1'
  },
  timestamp: '2025-12-06T19:13:46.190Z'
}
[ERROR] Error occurred {
  error: {
    name: 'NotFoundError',
    message: 'Route /api/offers/corporate not found',
    stack: 'NotFoundError: Route /api/offers/corporate not found\n' +
      '    at notFoundHandler (C:\\Users\\emreg\\OneDrive\\Desktop\\YOLNEXT\\backend\\middleware\\errorHandler.js:232:17)\n' +
      '    at Layer.handle [as handle_request] (C:\\Users\\emreg\\OneDrive\\Desktop\\YOLNEXT\\backend\\node_modules\\express\\lib\\router\\layer.js:95:5)\n' +
      '    at trim_prefix (C:\\Users\\emreg\\OneDrive\\Desktop\\YOLNEXT\\backend\\node_modules\\express\\lib\\router\\index.js:328:13)\n' +
      '    at C:\\Users\\emreg\\OneDrive\\Desktop\\YOLNEXT\\backend\\node_modules\\express\\lib\\router\\index.js:286:9\n' +
      '    at Function.process_params (C:\\Users\\emreg\\OneDrive\\Desktop\\YOLNEXT\\backend\\node_modules\\express\\lib\\router\\index.js:346:12)\n' +
      '    at next (C:\\Users\\emreg\\OneDrive\\Desktop\\YOLNEXT\\backend\\node_modules\\express\\lib\\router\\index.js:280:10)\n' +
      '    at C:\\Users\\emreg\\OneDrive\\Desktop\\YOLNEXT\\backend\\postgres-backend.js:319:3\n' +
      '    at Layer.handle [as handle_request] (C:\\Users\\emreg\\OneDrive\\Desktop\\YOLNEXT\\backend\\node_modules\\express\\lib\\router\\layer.js:95:5)\n' +
      '    at trim_prefix (C:\\Users\\emreg\\OneDrive\\Desktop\\YOLNEXT\\backend\\node_modules\\express\\lib\\router\\index.js:328:13)\n' +
      '    at C:\\Users\\emreg\\OneDrive\\Desktop\\YOLNEXT\\backend\\node_modules\\express\\lib\\router\\index.js:286:9',
    statusCode: 404
  },
  request: {
    id: undefined,
    method: 'GET',
    url: '/api/offers/corporate',
    userAgent: 'Mozilla/5.0 (Windows NT 10.0; Win64; x64) AppleWebKit/537.36 (KHTML, like Gecko) Chrome/142.0.0.0 Safari/537.36',
    ip: '::1'
  },
  timestamp: '2025-12-06T19:13:46.200Z'
}
[GET MESSAGES] Error (lowercase): column m.messagetype does not exist
[GET MESSAGES] Error (lowercase): column m.messagetype does not exist
[GET MESSAGES] Error (lowercase): column m.messagetype does not exist
[GET MESSAGES] Error (lowercase): column m.messagetype does not exist
[ERROR] Error occurred {
  error: {
    name: 'NotFoundError',
    message: 'Route /api/carriers/corporate not found',
    stack: 'NotFoundError: Route /api/carriers/corporate not found\n' +
      '    at notFoundHandler (C:\\Users\\emreg\\OneDrive\\Desktop\\YOLNEXT\\backend\\middleware\\errorHandler.js:232:17)\n' +
      '    at Layer.handle [as handle_request] (C:\\Users\\emreg\\OneDrive\\Desktop\\YOLNEXT\\backend\\node_modules\\express\\lib\\router\\layer.js:95:5)\n' +
      '    at trim_prefix (C:\\Users\\emreg\\OneDrive\\Desktop\\YOLNEXT\\backend\\node_modules\\express\\lib\\router\\index.js:328:13)\n' +
      '    at C:\\Users\\emreg\\OneDrive\\Desktop\\YOLNEXT\\backend\\node_modules\\express\\lib\\router\\index.js:286:9\n' +
      '    at Function.process_params (C:\\Users\\emreg\\OneDrive\\Desktop\\YOLNEXT\\backend\\node_modules\\express\\lib\\router\\index.js:346:12)\n' +
      '    at next (C:\\Users\\emreg\\OneDrive\\Desktop\\YOLNEXT\\backend\\node_modules\\express\\lib\\router\\index.js:280:10)\n' +
      '    at C:\\Users\\emreg\\OneDrive\\Desktop\\YOLNEXT\\backend\\postgres-backend.js:319:3\n' +
      '    at Layer.handle [as handle_request] (C:\\Users\\emreg\\OneDrive\\Desktop\\YOLNEXT\\backend\\node_modules\\express\\lib\\router\\layer.js:95:5)\n' +
      '    at trim_prefix (C:\\Users\\emreg\\OneDrive\\Desktop\\YOLNEXT\\backend\\node_modules\\express\\lib\\router\\index.js:328:13)\n' +
      '    at C:\\Users\\emreg\\OneDrive\\Desktop\\YOLNEXT\\backend\\node_modules\\express\\lib\\router\\index.js:286:9',
    statusCode: 404
  },
  request: {
    id: undefined,
    method: 'GET',
    url: '/api/carriers/corporate',
    userAgent: 'Mozilla/5.0 (Windows NT 10.0; Win64; x64) AppleWebKit/537.36 (KHTML, like Gecko) Chrome/142.0.0.0 Safari/537.36',
    ip: '::1'
  },
  timestamp: '2025-12-06T19:14:04.299Z'
}
[ERROR] Error occurred {
  error: {
    name: 'NotFoundError',
    message: 'Route /api/carriers/corporate not found',
    stack: 'NotFoundError: Route /api/carriers/corporate not found\n' +
      '    at notFoundHandler (C:\\Users\\emreg\\OneDrive\\Desktop\\YOLNEXT\\backend\\middleware\\errorHandler.js:232:17)\n' +
      '    at Layer.handle [as handle_request] (C:\\Users\\emreg\\OneDrive\\Desktop\\YOLNEXT\\backend\\node_modules\\express\\lib\\router\\layer.js:95:5)\n' +
      '    at trim_prefix (C:\\Users\\emreg\\OneDrive\\Desktop\\YOLNEXT\\backend\\node_modules\\express\\lib\\router\\index.js:328:13)\n' +
      '    at C:\\Users\\emreg\\OneDrive\\Desktop\\YOLNEXT\\backend\\node_modules\\express\\lib\\router\\index.js:286:9\n' +
      '    at Function.process_params (C:\\Users\\emreg\\OneDrive\\Desktop\\YOLNEXT\\backend\\node_modules\\express\\lib\\router\\index.js:346:12)\n' +
      '    at next (C:\\Users\\emreg\\OneDrive\\Desktop\\YOLNEXT\\backend\\node_modules\\express\\lib\\router\\index.js:280:10)\n' +
      '    at C:\\Users\\emreg\\OneDrive\\Desktop\\YOLNEXT\\backend\\postgres-backend.js:319:3\n' +
      '    at Layer.handle [as handle_request] (C:\\Users\\emreg\\OneDrive\\Desktop\\YOLNEXT\\backend\\node_modules\\express\\lib\\router\\layer.js:95:5)\n' +
      '    at trim_prefix (C:\\Users\\emreg\\OneDrive\\Desktop\\YOLNEXT\\backend\\node_modules\\express\\lib\\router\\index.js:328:13)\n' +
      '    at C:\\Users\\emreg\\OneDrive\\Desktop\\YOLNEXT\\backend\\node_modules\\express\\lib\\router\\index.js:286:9',
    statusCode: 404
  },
  request: {
    id: undefined,
    method: 'GET',
    url: '/api/carriers/corporate',
    userAgent: 'Mozilla/5.0 (Windows NT 10.0; Win64; x64) AppleWebKit/537.36 (KHTML, like Gecko) Chrome/142.0.0.0 Safari/537.36',
    ip: '::1'
  },
  timestamp: '2025-12-06T19:14:04.308Z'
}
[GET MESSAGES] Error (lowercase): column m.messagetype does not exist
[GET MESSAGES] Error (lowercase): column m.messagetype does not exist
[GET MESSAGES] Error (lowercase): column m.messagetype does not exist
[ERROR] Error occurred {
  error: {
    name: 'NotFoundError',
    message: 'Route /api/offers/corporate not found',
    stack: 'NotFoundError: Route /api/offers/corporate not found\n' +
      '    at notFoundHandler (C:\\Users\\emreg\\OneDrive\\Desktop\\YOLNEXT\\backend\\middleware\\errorHandler.js:232:17)\n' +
      '    at Layer.handle [as handle_request] (C:\\Users\\emreg\\OneDrive\\Desktop\\YOLNEXT\\backend\\node_modules\\express\\lib\\router\\layer.js:95:5)\n' +
      '    at trim_prefix (C:\\Users\\emreg\\OneDrive\\Desktop\\YOLNEXT\\backend\\node_modules\\express\\lib\\router\\index.js:328:13)\n' +
      '    at C:\\Users\\emreg\\OneDrive\\Desktop\\YOLNEXT\\backend\\node_modules\\express\\lib\\router\\index.js:286:9\n' +
      '    at Function.process_params (C:\\Users\\emreg\\OneDrive\\Desktop\\YOLNEXT\\backend\\node_modules\\express\\lib\\router\\index.js:346:12)\n' +
      '    at next (C:\\Users\\emreg\\OneDrive\\Desktop\\YOLNEXT\\backend\\node_modules\\express\\lib\\router\\index.js:280:10)\n' +
      '    at C:\\Users\\emreg\\OneDrive\\Desktop\\YOLNEXT\\backend\\postgres-backend.js:319:3\n' +
      '    at Layer.handle [as handle_request] (C:\\Users\\emreg\\OneDrive\\Desktop\\YOLNEXT\\backend\\node_modules\\express\\lib\\router\\layer.js:95:5)\n' +
      '    at trim_prefix (C:\\Users\\emreg\\OneDrive\\Desktop\\YOLNEXT\\backend\\node_modules\\express\\lib\\router\\index.js:328:13)\n' +
      '    at C:\\Users\\emreg\\OneDrive\\Desktop\\YOLNEXT\\backend\\node_modules\\express\\lib\\router\\index.js:286:9',
    statusCode: 404
  },
  request: {
    id: undefined,
    method: 'GET',
    url: '/api/offers/corporate',
    userAgent: 'Mozilla/5.0 (Windows NT 10.0; Win64; x64) AppleWebKit/537.36 (KHTML, like Gecko) Chrome/142.0.0.0 Safari/537.36',
    ip: '::1'
  },
  timestamp: '2025-12-06T19:14:51.088Z'
}
[GET MESSAGES] Error (lowercase): column m.messagetype does not exist
[ERROR] Error occurred {
  error: {
    name: 'NotFoundError',
    message: 'Route /api/offers/corporate not found',
    stack: 'NotFoundError: Route /api/offers/corporate not found\n' +
      '    at notFoundHandler (C:\\Users\\emreg\\OneDrive\\Desktop\\YOLNEXT\\backend\\middleware\\errorHandler.js:232:17)\n' +
      '    at Layer.handle [as handle_request] (C:\\Users\\emreg\\OneDrive\\Desktop\\YOLNEXT\\backend\\node_modules\\express\\lib\\router\\layer.js:95:5)\n' +
      '    at trim_prefix (C:\\Users\\emreg\\OneDrive\\Desktop\\YOLNEXT\\backend\\node_modules\\express\\lib\\router\\index.js:328:13)\n' +
      '    at C:\\Users\\emreg\\OneDrive\\Desktop\\YOLNEXT\\backend\\node_modules\\express\\lib\\router\\index.js:286:9\n' +
      '    at Function.process_params (C:\\Users\\emreg\\OneDrive\\Desktop\\YOLNEXT\\backend\\node_modules\\express\\lib\\router\\index.js:346:12)\n' +
      '    at next (C:\\Users\\emreg\\OneDrive\\Desktop\\YOLNEXT\\backend\\node_modules\\express\\lib\\router\\index.js:280:10)\n' +
      '    at C:\\Users\\emreg\\OneDrive\\Desktop\\YOLNEXT\\backend\\postgres-backend.js:319:3\n' +
      '    at Layer.handle [as handle_request] (C:\\Users\\emreg\\OneDrive\\Desktop\\YOLNEXT\\backend\\node_modules\\express\\lib\\router\\layer.js:95:5)\n' +
      '    at trim_prefix (C:\\Users\\emreg\\OneDrive\\Desktop\\YOLNEXT\\backend\\node_modules\\express\\lib\\router\\index.js:328:13)\n' +
      '    at C:\\Users\\emreg\\OneDrive\\Desktop\\YOLNEXT\\backend\\node_modules\\express\\lib\\router\\index.js:286:9',
    statusCode: 404
  },
  request: {
    id: undefined,
    method: 'GET',
    url: '/api/offers/corporate',
    userAgent: 'Mozilla/5.0 (Windows NT 10.0; Win64; x64) AppleWebKit/537.36 (KHTML, like Gecko) Chrome/142.0.0.0 Safari/537.36',
    ip: '::1'
  },
  timestamp: '2025-12-06T19:14:51.102Z'
}
[GET MESSAGES] Error (lowercase): column m.messagetype does not exist
